\BOOKMARK [1][-]{section.1}{\376\377\000I\000n\000t\000r\000o\000d\000u\000c\000t\000i\000o\000n}{}% 1
\BOOKMARK [1][-]{section.2}{\376\377\000R\000e\000l\000a\000t\000e\000d\000\040\000W\000o\000r\000k}{}% 2
\BOOKMARK [1][-]{section.3}{\376\377\000D\000a\000t\000a\000\040\000A\000c\000q\000u\000i\000s\000i\000t\000i\000o\000n\000\040\000a\000n\000d\000\040\000P\000r\000e\000p\000a\000r\000a\000t\000i\000o\000n}{}% 3
\BOOKMARK [1][-]{section.4}{\376\377\000P\000r\000o\000c\000e\000d\000u\000r\000e\000s}{}% 4
\BOOKMARK [2][-]{subsection.4.1}{\376\377\000I\000n\000t\000e\000r\000p\000r\000e\000t\000t\000i\000n\000g\000\040\000S\000o\000n\000g\000\040\000S\000e\000q\000u\000e\000n\000c\000e\000s\000\040\000a\000s\000\040\000L\000a\000n\000g\000u\000a\000g\000e}{section.4}% 5
\BOOKMARK [2][-]{subsection.4.2}{\376\377\000M\000o\000d\000e\000l\000s}{section.4}% 6
\BOOKMARK [3][-]{subsubsection.4.2.1}{\376\377\000U\000n\000i\000d\000i\000r\000e\000c\000t\000i\000o\000n\000a\000l\000\040\000L\000S\000T\000M\000\040\000w\000i\000t\000h\000\040\000N\000-\000D\000i\000m\000e\000n\000s\000i\000o\000n\000a\000l\000\040\000E\000m\000b\000e\000d\000d\000i\000n\000g}{subsection.4.2}% 7
\BOOKMARK [3][-]{subsubsection.4.2.2}{\376\377\000B\000i\000d\000i\000r\000e\000c\000t\000i\000o\000n\000a\000l\000\040\000L\000S\000T\000M\000\040\000w\000i\000t\000h\000\040\000N\000-\000g\000r\000a\000m\000s\000\040\000a\000n\000d\000\040\000A\000d\000j\000a\000c\000e\000n\000c\000y\000\040\000M\000a\000t\000r\000i\000x\000\040\000E\000m\000b\000e\000d\000d\000i\000n\000g}{subsection.4.2}% 8
\BOOKMARK [3][-]{subsubsection.4.2.3}{\376\377\000S\000e\000l\000f\000-\000A\000t\000t\000e\000n\000t\000i\000o\000n\000\040\000M\000o\000d\000e\000l\000\040\000w\000i\000t\000h\000\040\000N\000-\000d\000\040\000+\000\040\000P\000o\000s\000i\000t\000i\000o\000n\000a\000l\000\040\000E\000m\000b\000e\000d\000d\000i\000n\000g}{subsection.4.2}% 9
\BOOKMARK [3][-]{subsubsection.4.2.4}{\376\377\000S\000e\000l\000f\000-\000A\000t\000t\000e\000n\000t\000i\000o\000n\000\040\000+\000\040\000C\000r\000o\000s\000s\000-\000A\000t\000t\000e\000n\000t\000i\000o\000n\000\040\000M\000o\000d\000e\000l\000\040\000w\000i\000t\000h\000\040\000N\000-\000d\000\040\000+\000\040\000P\000o\000s\000i\000t\000i\000o\000n\000a\000l\000\040\000E\000m\000b\000e\000d\000d\000i\000n\000g}{subsection.4.2}% 10
\BOOKMARK [1][-]{section.5}{\376\377\000R\000e\000s\000u\000l\000t\000s}{}% 11
\BOOKMARK [1][-]{section.6}{\376\377\000D\000i\000s\000c\000u\000s\000s\000i\000o\000n}{}% 12
\BOOKMARK [1][-]{section.7}{\376\377\000C\000o\000n\000c\000l\000u\000s\000i\000o\000n}{}% 13
\BOOKMARK [1][-]{section.8}{\376\377\000S\000u\000b\000m\000i\000s\000s\000i\000o\000n\000\040\000o\000f\000\040\000p\000a\000p\000e\000r\000s\000\040\000t\000o\000\040\000N\000e\000u\000r\000I\000P\000S\000\040\0002\0000\0002\0003}{}% 14
\BOOKMARK [2][-]{subsection.8.1}{\376\377\000S\000t\000y\000l\000e}{section.8}% 15
\BOOKMARK [2][-]{subsection.8.2}{\376\377\000R\000e\000t\000r\000i\000e\000v\000a\000l\000\040\000o\000f\000\040\000s\000t\000y\000l\000e\000\040\000f\000i\000l\000e\000s}{section.8}% 16
\BOOKMARK [1][-]{section.9}{\376\377\000G\000e\000n\000e\000r\000a\000l\000\040\000f\000o\000r\000m\000a\000t\000t\000i\000n\000g\000\040\000i\000n\000s\000t\000r\000u\000c\000t\000i\000o\000n\000s}{}% 17
\BOOKMARK [1][-]{section.10}{\376\377\000H\000e\000a\000d\000i\000n\000g\000s\000:\000\040\000f\000i\000r\000s\000t\000\040\000l\000e\000v\000e\000l}{}% 18
\BOOKMARK [2][-]{subsection.10.1}{\376\377\000H\000e\000a\000d\000i\000n\000g\000s\000:\000\040\000s\000e\000c\000o\000n\000d\000\040\000l\000e\000v\000e\000l}{section.10}% 19
\BOOKMARK [3][-]{subsubsection.10.1.1}{\376\377\000H\000e\000a\000d\000i\000n\000g\000s\000:\000\040\000t\000h\000i\000r\000d\000\040\000l\000e\000v\000e\000l}{subsection.10.1}% 20
\BOOKMARK [1][-]{section.11}{\376\377\000C\000i\000t\000a\000t\000i\000o\000n\000s\000,\000\040\000f\000i\000g\000u\000r\000e\000s\000,\000\040\000t\000a\000b\000l\000e\000s\000,\000\040\000r\000e\000f\000e\000r\000e\000n\000c\000e\000s}{}% 21
\BOOKMARK [2][-]{subsection.11.1}{\376\377\000C\000i\000t\000a\000t\000i\000o\000n\000s\000\040\000w\000i\000t\000h\000i\000n\000\040\000t\000h\000e\000\040\000t\000e\000x\000t}{section.11}% 22
\BOOKMARK [2][-]{subsection.11.2}{\376\377\000F\000o\000o\000t\000n\000o\000t\000e\000s}{section.11}% 23
\BOOKMARK [2][-]{subsection.11.3}{\376\377\000F\000i\000g\000u\000r\000e\000s}{section.11}% 24
\BOOKMARK [2][-]{subsection.11.4}{\376\377\000T\000a\000b\000l\000e\000s}{section.11}% 25
\BOOKMARK [2][-]{subsection.11.5}{\376\377\000M\000a\000t\000h}{section.11}% 26
\BOOKMARK [2][-]{subsection.11.6}{\376\377\000F\000i\000n\000a\000l\000\040\000i\000n\000s\000t\000r\000u\000c\000t\000i\000o\000n\000s}{section.11}% 27
\BOOKMARK [1][-]{section.12}{\376\377\000P\000r\000e\000p\000a\000r\000i\000n\000g\000\040\000P\000D\000F\000\040\000f\000i\000l\000e\000s}{}% 28
\BOOKMARK [2][-]{subsection.12.1}{\376\377\000M\000a\000r\000g\000i\000n\000s\000\040\000i\000n\000\040\000L\000a\000T\000e\000X}{section.12}% 29
\BOOKMARK [1][-]{section.13}{\376\377\000S\000u\000p\000p\000l\000e\000m\000e\000n\000t\000a\000r\000y\000\040\000M\000a\000t\000e\000r\000i\000a\000l}{}% 30
